Logfile initialized
[INFO] logfile = /Users/titaniummick/Documents/Titanium Studio Workspace/chatterbox-alpha/chatterbox-alpha/build.log
[DEBUG] /Library/Application Support/Titanium/mobilesdk/osx/2.0.1.GA2/android/builder.py simulator chatterbox /Users/titaniummick/android-sdk /Users/titaniummick/Documents/Titanium Studio Workspace/chatterbox-alpha/chatterbox-alpha com.chatterbox.alpha 14 WVGA854 /127.0.0.1:62557
[INFO] Building chatterbox for Android ... one moment
[INFO] Titanium SDK version: 2.0.1 (04/12/12 16:33 999c68a)
[DEBUG] Waiting for device to be ready ...
[TRACE] adb devices returned 1 devices/emulators
[TRACE] adb devices returned 1 devices/emulators
[TRACE] adb devices returned 1 devices/emulators
[TRACE] adb devices returned 1 devices/emulators
[TRACE] adb devices returned 1 devices/emulators
[TRACE] adb devices returned 1 devices/emulators
[TRACE] adb devices returned 1 devices/emulators
[TRACE] adb devices returned 1 devices/emulators
[TRACE] adb devices returned 1 devices/emulators
[TRACE] adb devices returned 1 devices/emulators
[TRACE] adb devices returned 1 devices/emulators
[TRACE] adb devices returned 1 devices/emulators
[DEBUG] Device connected... (waited 55 seconds)
[DEBUG] waited 55.212732 seconds on emulator to get ready
[INFO] Waiting for the Android Emulator to become available
[DEBUG] com.chatterbox.alpha installed? False
[INFO] Fastdev server running, deploying in Fastdev mode
[INFO] Copying CommonJS modules...
[INFO] Copying project resources..
[INFO] Detected change in tiapp.xml, or assets deleted. Forcing full re-build...
[TRACE] COPYING CREATED FILE: /Users/titaniummick/Documents/Titanium Studio Workspace/chatterbox-alpha/chatterbox-alpha/Resources/android/appicon.png => /Users/titaniummick/Documents/Titanium Studio Workspace/chatterbox-alpha/chatterbox-alpha/build/android/bin/assets/Resources/appicon.png
[TRACE] COPYING CREATED FILE: /Users/titaniummick/Documents/Titanium Studio Workspace/chatterbox-alpha/chatterbox-alpha/Resources/android/default.png => /Users/titaniummick/Documents/Titanium Studio Workspace/chatterbox-alpha/chatterbox-alpha/build/android/bin/assets/Resources/default.png
[TRACE] COPYING CREATED FILE: /Users/titaniummick/Documents/Titanium Studio Workspace/chatterbox-alpha/chatterbox-alpha/Resources/app.js => /Users/titaniummick/Documents/Titanium Studio Workspace/chatterbox-alpha/chatterbox-alpha/build/android/bin/assets/Resources/app.js
[TRACE] COPYING CREATED FILE: /Users/titaniummick/Documents/Titanium Studio Workspace/chatterbox-alpha/chatterbox-alpha/Resources/images/KS_nav_ui.png => /Users/titaniummick/Documents/Titanium Studio Workspace/chatterbox-alpha/chatterbox-alpha/build/android/bin/assets/Resources/images/KS_nav_ui.png
[TRACE] COPYING CREATED FILE: /Users/titaniummick/Documents/Titanium Studio Workspace/chatterbox-alpha/chatterbox-alpha/Resources/images/KS_nav_views.png => /Users/titaniummick/Documents/Titanium Studio Workspace/chatterbox-alpha/chatterbox-alpha/build/android/bin/assets/Resources/images/KS_nav_views.png
[TRACE] Generating Java Classes
[DEBUG] Processing Android resource drawables
[TRACE] COPYING FILE: /Users/titaniummick/Documents/Titanium Studio Workspace/chatterbox-alpha/chatterbox-alpha/Resources/android/images/res-long-land-hdpi/default.png => /Users/titaniummick/Documents/Titanium Studio Workspace/chatterbox-alpha/chatterbox-alpha/build/android/res/drawable-long-land-hdpi/default_d44e27d97b.png
[TRACE] COPYING FILE: /Users/titaniummick/Documents/Titanium Studio Workspace/chatterbox-alpha/chatterbox-alpha/Resources/android/images/res-long-land-ldpi/default.png => /Users/titaniummick/Documents/Titanium Studio Workspace/chatterbox-alpha/chatterbox-alpha/build/android/res/drawable-long-land-ldpi/default_d44e27d97b.png
[TRACE] COPYING FILE: /Users/titaniummick/Documents/Titanium Studio Workspace/chatterbox-alpha/chatterbox-alpha/Resources/android/images/res-long-port-hdpi/default.png => /Users/titaniummick/Documents/Titanium Studio Workspace/chatterbox-alpha/chatterbox-alpha/build/android/res/drawable-long-port-hdpi/default_d44e27d97b.png
[TRACE] COPYING FILE: /Users/titaniummick/Documents/Titanium Studio Workspace/chatterbox-alpha/chatterbox-alpha/Resources/android/images/res-long-port-ldpi/default.png => /Users/titaniummick/Documents/Titanium Studio Workspace/chatterbox-alpha/chatterbox-alpha/build/android/res/drawable-long-port-ldpi/default_d44e27d97b.png
[TRACE] COPYING FILE: /Users/titaniummick/Documents/Titanium Studio Workspace/chatterbox-alpha/chatterbox-alpha/Resources/android/images/res-notlong-land-hdpi/default.png => /Users/titaniummick/Documents/Titanium Studio Workspace/chatterbox-alpha/chatterbox-alpha/build/android/res/drawable-notlong-land-hdpi/default_d44e27d97b.png
[TRACE] COPYING FILE: /Users/titaniummick/Documents/Titanium Studio Workspace/chatterbox-alpha/chatterbox-alpha/Resources/android/images/res-notlong-land-ldpi/default.png => /Users/titaniummick/Documents/Titanium Studio Workspace/chatterbox-alpha/chatterbox-alpha/build/android/res/drawable-notlong-land-ldpi/default_d44e27d97b.png
[TRACE] COPYING FILE: /Users/titaniummick/Documents/Titanium Studio Workspace/chatterbox-alpha/chatterbox-alpha/Resources/android/images/res-notlong-land-mdpi/default.png => /Users/titaniummick/Documents/Titanium Studio Workspace/chatterbox-alpha/chatterbox-alpha/build/android/res/drawable-notlong-land-mdpi/default_d44e27d97b.png
[TRACE] COPYING FILE: /Users/titaniummick/Documents/Titanium Studio Workspace/chatterbox-alpha/chatterbox-alpha/Resources/android/images/res-notlong-port-hdpi/default.png => /Users/titaniummick/Documents/Titanium Studio Workspace/chatterbox-alpha/chatterbox-alpha/build/android/res/drawable-notlong-port-hdpi/default_d44e27d97b.png
[TRACE] COPYING FILE: /Users/titaniummick/Documents/Titanium Studio Workspace/chatterbox-alpha/chatterbox-alpha/Resources/android/images/res-notlong-port-ldpi/default.png => /Users/titaniummick/Documents/Titanium Studio Workspace/chatterbox-alpha/chatterbox-alpha/build/android/res/drawable-notlong-port-ldpi/default_d44e27d97b.png
[TRACE] COPYING FILE: /Users/titaniummick/Documents/Titanium Studio Workspace/chatterbox-alpha/chatterbox-alpha/Resources/android/images/res-notlong-port-mdpi/default.png => /Users/titaniummick/Documents/Titanium Studio Workspace/chatterbox-alpha/chatterbox-alpha/build/android/res/drawable-notlong-port-mdpi/default_d44e27d97b.png
[DEBUG] app stylesheet => /Users/titaniummick/Documents/Titanium Studio Workspace/chatterbox-alpha/chatterbox-alpha/build/android/gen/com/chatterbox/alpha/ApplicationStylesheet.java
[DEBUG] copying app icon: /Users/titaniummick/Documents/Titanium Studio Workspace/chatterbox-alpha/chatterbox-alpha/build/android/bin/assets/Resources/appicon.png
[DEBUG] generating theme.xml
[DEBUG] found drawable-long-land-hdpi splash screen at /Users/titaniummick/Documents/Titanium Studio Workspace/chatterbox-alpha/chatterbox-alpha/Resources/android/images/res-long-land-hdpi/default.png
[DEBUG] copying /Users/titaniummick/Documents/Titanium Studio Workspace/chatterbox-alpha/chatterbox-alpha/Resources/android/images/res-long-land-hdpi/default.png splash screen to /Users/titaniummick/Documents/Titanium Studio Workspace/chatterbox-alpha/chatterbox-alpha/build/android/res/drawable-long-land-hdpi/background.png
[DEBUG] found drawable-long-land-ldpi splash screen at /Users/titaniummick/Documents/Titanium Studio Workspace/chatterbox-alpha/chatterbox-alpha/Resources/android/images/res-long-land-ldpi/default.png
[DEBUG] copying /Users/titaniummick/Documents/Titanium Studio Workspace/chatterbox-alpha/chatterbox-alpha/Resources/android/images/res-long-land-ldpi/default.png splash screen to /Users/titaniummick/Documents/Titanium Studio Workspace/chatterbox-alpha/chatterbox-alpha/build/android/res/drawable-long-land-ldpi/background.png
[DEBUG] found drawable-long-port-hdpi splash screen at /Users/titaniummick/Documents/Titanium Studio Workspace/chatterbox-alpha/chatterbox-alpha/Resources/android/images/res-long-port-hdpi/default.png
[DEBUG] copying /Users/titaniummick/Documents/Titanium Studio Workspace/chatterbox-alpha/chatterbox-alpha/Resources/android/images/res-long-port-hdpi/default.png splash screen to /Users/titaniummick/Documents/Titanium Studio Workspace/chatterbox-alpha/chatterbox-alpha/build/android/res/drawable-long-port-hdpi/background.png
[DEBUG] found drawable-long-port-ldpi splash screen at /Users/titaniummick/Documents/Titanium Studio Workspace/chatterbox-alpha/chatterbox-alpha/Resources/android/images/res-long-port-ldpi/default.png
[DEBUG] copying /Users/titaniummick/Documents/Titanium Studio Workspace/chatterbox-alpha/chatterbox-alpha/Resources/android/images/res-long-port-ldpi/default.png splash screen to /Users/titaniummick/Documents/Titanium Studio Workspace/chatterbox-alpha/chatterbox-alpha/build/android/res/drawable-long-port-ldpi/background.png
[DEBUG] found drawable-notlong-land-hdpi splash screen at /Users/titaniummick/Documents/Titanium Studio Workspace/chatterbox-alpha/chatterbox-alpha/Resources/android/images/res-notlong-land-hdpi/default.png
[DEBUG] copying /Users/titaniummick/Documents/Titanium Studio Workspace/chatterbox-alpha/chatterbox-alpha/Resources/android/images/res-notlong-land-hdpi/default.png splash screen to /Users/titaniummick/Documents/Titanium Studio Workspace/chatterbox-alpha/chatterbox-alpha/build/android/res/drawable-notlong-land-hdpi/background.png
[DEBUG] found drawable-notlong-land-ldpi splash screen at /Users/titaniummick/Documents/Titanium Studio Workspace/chatterbox-alpha/chatterbox-alpha/Resources/android/images/res-notlong-land-ldpi/default.png
[DEBUG] copying /Users/titaniummick/Documents/Titanium Studio Workspace/chatterbox-alpha/chatterbox-alpha/Resources/android/images/res-notlong-land-ldpi/default.png splash screen to /Users/titaniummick/Documents/Titanium Studio Workspace/chatterbox-alpha/chatterbox-alpha/build/android/res/drawable-notlong-land-ldpi/background.png
[DEBUG] found drawable-notlong-land-mdpi splash screen at /Users/titaniummick/Documents/Titanium Studio Workspace/chatterbox-alpha/chatterbox-alpha/Resources/android/images/res-notlong-land-mdpi/default.png
[DEBUG] copying /Users/titaniummick/Documents/Titanium Studio Workspace/chatterbox-alpha/chatterbox-alpha/Resources/android/images/res-notlong-land-mdpi/default.png splash screen to /Users/titaniummick/Documents/Titanium Studio Workspace/chatterbox-alpha/chatterbox-alpha/build/android/res/drawable-notlong-land-mdpi/background.png
[DEBUG] found drawable-notlong-port-hdpi splash screen at /Users/titaniummick/Documents/Titanium Studio Workspace/chatterbox-alpha/chatterbox-alpha/Resources/android/images/res-notlong-port-hdpi/default.png
[DEBUG] copying /Users/titaniummick/Documents/Titanium Studio Workspace/chatterbox-alpha/chatterbox-alpha/Resources/android/images/res-notlong-port-hdpi/default.png splash screen to /Users/titaniummick/Documents/Titanium Studio Workspace/chatterbox-alpha/chatterbox-alpha/build/android/res/drawable-notlong-port-hdpi/background.png
[DEBUG] found drawable-notlong-port-ldpi splash screen at /Users/titaniummick/Documents/Titanium Studio Workspace/chatterbox-alpha/chatterbox-alpha/Resources/android/images/res-notlong-port-ldpi/default.png
[DEBUG] copying /Users/titaniummick/Documents/Titanium Studio Workspace/chatterbox-alpha/chatterbox-alpha/Resources/android/images/res-notlong-port-ldpi/default.png splash screen to /Users/titaniummick/Documents/Titanium Studio Workspace/chatterbox-alpha/chatterbox-alpha/build/android/res/drawable-notlong-port-ldpi/background.png
[DEBUG] found drawable-notlong-port-mdpi splash screen at /Users/titaniummick/Documents/Titanium Studio Workspace/chatterbox-alpha/chatterbox-alpha/Resources/android/images/res-notlong-port-mdpi/default.png
[DEBUG] copying /Users/titaniummick/Documents/Titanium Studio Workspace/chatterbox-alpha/chatterbox-alpha/Resources/android/images/res-notlong-port-mdpi/default.png splash screen to /Users/titaniummick/Documents/Titanium Studio Workspace/chatterbox-alpha/chatterbox-alpha/build/android/res/drawable-notlong-port-mdpi/background.png
[DEBUG] found splash screen at /Users/titaniummick/Documents/Titanium Studio Workspace/chatterbox-alpha/chatterbox-alpha/build/android/bin/assets/Resources/default.png
[TRACE] Writing out AndroidManifest.xml
[DEBUG] adding /Users/titaniummick/Documents/Titanium Studio Workspace/chatterbox-alpha/chatterbox-alpha/build/android/gen/com/chatterbox/alpha/ApplicationStylesheet.java to javac build list
[DEBUG] adding /Users/titaniummick/Documents/Titanium Studio Workspace/chatterbox-alpha/chatterbox-alpha/build/android/gen/com/chatterbox/alpha/ChatterboxActivity.java to javac build list
[DEBUG] adding /Users/titaniummick/Documents/Titanium Studio Workspace/chatterbox-alpha/chatterbox-alpha/build/android/gen/com/chatterbox/alpha/ChatterboxAppInfo.java to javac build list
[DEBUG] adding /Users/titaniummick/Documents/Titanium Studio Workspace/chatterbox-alpha/chatterbox-alpha/build/android/gen/com/chatterbox/alpha/ChatterboxApplication.java to javac build list
[DEBUG] adding /Users/titaniummick/Documents/Titanium Studio Workspace/chatterbox-alpha/chatterbox-alpha/build/android/gen/com/chatterbox/alpha/R.java to javac build list
[DEBUG] Building Java Sources: "/Users/titaniummick/Documents/Titanium Studio Workspace/chatterbox-alpha/chatterbox-alpha/build/android/gen/com/chatterbox/alpha/ApplicationStylesheet.java" "/Users/titaniummick/Documents/Titanium Studio Workspace/chatterbox-alpha/chatterbox-alpha/build/android/gen/com/chatterbox/alpha/ChatterboxActivity.java" "/Users/titaniummick/Documents/Titanium Studio Workspace/chatterbox-alpha/chatterbox-alpha/build/android/gen/com/chatterbox/alpha/ChatterboxAppInfo.java" "/Users/titaniummick/Documents/Titanium Studio Workspace/chatterbox-alpha/chatterbox-alpha/build/android/gen/com/chatterbox/alpha/ChatterboxApplication.java" "/Users/titaniummick/Documents/Titanium Studio Workspace/chatterbox-alpha/chatterbox-alpha/build/android/gen/com/chatterbox/alpha/R.java"
[INFO] Waiting for SDCard to become available..
[INFO] Compiling Android Resources... This could take some time
[DEBUG] Android classes.dex built
[DEBUG] creating unsigned apk: /Users/titaniummick/Documents/Titanium Studio Workspace/chatterbox-alpha/chatterbox-alpha/build/android/bin/app-unsigned.apk
[DEBUG] from resource zip => assets/Resources/images/KS_nav_ui.png
[DEBUG] from resource zip => assets/Resources/images/KS_nav_views.png
[DEBUG] from resource zip => assets/Resources/app.js
[DEBUG] from resource zip => assets/Resources/appicon.png
[DEBUG] from resource zip => assets/Resources/default.png
[DEBUG] from resource zip => assets/app.json
[DEBUG] from resource zip => assets/index.json
[DEBUG] from resource zip => assets/tiapp.xml
[DEBUG] from resource zip => res/drawable/appicon.png
[DEBUG] from resource zip => res/drawable/background.png
[DEBUG] from resource zip => res/drawable/close.png
[DEBUG] from resource zip => res/drawable/facebook_login.png
[DEBUG] from resource zip => res/drawable/facebook_login_down.png
[DEBUG] from resource zip => res/drawable/facebook_login_wide.png
[DEBUG] from resource zip => res/drawable/facebook_login_wide_down.png
[DEBUG] from resource zip => res/drawable/facebook_logout.png
[DEBUG] from resource zip => res/drawable/facebook_logout_down.png
[DEBUG] from resource zip => res/layout/titanium_tabgroup.xml
[DEBUG] from resource zip => AndroidManifest.xml
[DEBUG] from resource zip => resources.arsc
[DEBUG] from resource zip => res/drawable-hdpi/close.png
[DEBUG] from resource zip => res/drawable-ldpi/close.png
[DEBUG] from resource zip => res/drawable-long-land-hdpi/background.png
[DEBUG] from resource zip => res/drawable-long-land-hdpi/default_d44e27d97b.png
[DEBUG] from resource zip => res/drawable-long-land-ldpi/background.png
[DEBUG] from resource zip => res/drawable-long-land-ldpi/default_d44e27d97b.png
[DEBUG] from resource zip => res/drawable-long-port-hdpi/background.png
[DEBUG] from resource zip => res/drawable-long-port-hdpi/default_d44e27d97b.png
[DEBUG] from resource zip => res/drawable-long-port-ldpi/background.png
[DEBUG] from resource zip => res/drawable-long-port-ldpi/default_d44e27d97b.png
[DEBUG] from resource zip => res/drawable-notlong-land-hdpi/background.png
[DEBUG] from resource zip => res/drawable-notlong-land-hdpi/default_d44e27d97b.png
[DEBUG] from resource zip => res/drawable-notlong-land-ldpi/background.png
[DEBUG] from resource zip => res/drawable-notlong-land-ldpi/default_d44e27d97b.png
[DEBUG] from resource zip => res/drawable-notlong-land-mdpi/background.png
[DEBUG] from resource zip => res/drawable-notlong-land-mdpi/default_d44e27d97b.png
[DEBUG] from resource zip => res/drawable-notlong-port-hdpi/background.png
[DEBUG] from resource zip => res/drawable-notlong-port-hdpi/default_d44e27d97b.png
[DEBUG] from resource zip => res/drawable-notlong-port-ldpi/background.png
[DEBUG] from resource zip => res/drawable-notlong-port-ldpi/default_d44e27d97b.png
[DEBUG] from resource zip => res/drawable-notlong-port-mdpi/background.png
[DEBUG] from resource zip => res/drawable-notlong-port-mdpi/default_d44e27d97b.png
[DEBUG] from JAR /Library/Application Support/Titanium/mobilesdk/osx/2.0.1.GA2/android/modules/titanium-ui.jar => ti/modules/titanium/ui/widget/webview/binding.js
[DEBUG] from JAR /Library/Application Support/Titanium/mobilesdk/osx/2.0.1.GA2/android/modules/titanium-ui.jar => ti/modules/titanium/ui/widget/webview/binding.min.js
[DEBUG] from JAR /Library/Application Support/Titanium/mobilesdk/osx/2.0.1.GA2/android/modules/titanium-ui.jar => ti/modules/titanium/ui/widget/webview/json2.js
[DEBUG] from JAR /Library/Application Support/Titanium/mobilesdk/osx/2.0.1.GA2/android/titanium.jar => org/appcelerator/titanium/build.properties
[DEBUG] from JAR /Library/Application Support/Titanium/mobilesdk/osx/2.0.1.GA2/android/titanium.jar => org/appcelerator/titanium/res/drawable/background.png
[DEBUG] from JAR /Library/Application Support/Titanium/mobilesdk/osx/2.0.1.GA2/android/titanium.jar => org/appcelerator/titanium/res/drawable/btn_check_buttonless_on.png
[DEBUG] from JAR /Library/Application Support/Titanium/mobilesdk/osx/2.0.1.GA2/android/titanium.jar => org/appcelerator/titanium/res/drawable/btn_check_buttonless_on_18.png
[DEBUG] from JAR /Library/Application Support/Titanium/mobilesdk/osx/2.0.1.GA2/android/titanium.jar => org/appcelerator/titanium/res/drawable/btn_check_buttonless_on_48.png
[DEBUG] from JAR /Library/Application Support/Titanium/mobilesdk/osx/2.0.1.GA2/android/titanium.jar => org/appcelerator/titanium/res/drawable/btn_more.png
[DEBUG] from JAR /Library/Application Support/Titanium/mobilesdk/osx/2.0.1.GA2/android/titanium.jar => org/appcelerator/titanium/res/drawable/btn_more_18.png
[DEBUG] from JAR /Library/Application Support/Titanium/mobilesdk/osx/2.0.1.GA2/android/titanium.jar => org/appcelerator/titanium/res/drawable/btn_more_48.png
[DEBUG] from JAR /Library/Application Support/Titanium/mobilesdk/osx/2.0.1.GA2/android/titanium.jar => org/appcelerator/titanium/res/drawable/btn_picker_normal.9.png
[DEBUG] from JAR /Library/Application Support/Titanium/mobilesdk/osx/2.0.1.GA2/android/titanium.jar => org/appcelerator/titanium/res/drawable/btn_picker_pressed.9.png
[DEBUG] from JAR /Library/Application Support/Titanium/mobilesdk/osx/2.0.1.GA2/android/titanium.jar => org/appcelerator/titanium/res/drawable/btn_picker_selected.9.png
[DEBUG] from JAR /Library/Application Support/Titanium/mobilesdk/osx/2.0.1.GA2/android/titanium.jar => org/appcelerator/titanium/res/drawable/default_icon.png
[DEBUG] from JAR /Library/Application Support/Titanium/mobilesdk/osx/2.0.1.GA2/android/titanium.jar => org/appcelerator/titanium/res/drawable/photoDefault.png
[DEBUG] from JAR /Library/Application Support/Titanium/mobilesdk/osx/2.0.1.GA2/android/modules/titanium-facebook.jar => ti/modules/titanium/facebook/LICENSE
[DEBUG] from JAR /Library/Application Support/Titanium/mobilesdk/osx/2.0.1.GA2/android/thirdparty.jar => org/apache/Commons-NOTICE.txt
[DEBUG] from JAR /Library/Application Support/Titanium/mobilesdk/osx/2.0.1.GA2/android/thirdparty.jar => org/apache/HttpComponents-NOTICE.txt
[DEBUG] from JAR /Library/Application Support/Titanium/mobilesdk/osx/2.0.1.GA2/android/thirdparty.jar => org/apache/mime4j-NOTICE.txt
[DEBUG] installing native SDK libs
[DEBUG] Waiting for device to be ready ...
[TRACE] adb devices returned 1 devices/emulators
[DEBUG] Device connected... (waited 0 seconds)
[DEBUG] waited 0.015349 seconds on emulator to get ready
[INFO] Installing application on emulator
[INFO] Launching application ... chatterbox
[TRACE] Launch output: Starting: Intent { act=android.intent.action.MAIN cat=[android.intent.category.LAUNCHER] cmp=com.chatterbox.alpha/.ChatterboxActivity }

[INFO] Deployed chatterbox ... Application should be running.
[INFO] Forwarding host port 62557 to device for debugging.
[DEBUG] signal caught: 15
